<?xml version="1.0" encoding="UTF-8"?>
<!-- Generated by org.testng.reporters.JUnitXMLReporter -->
<testsuite ignored="0" hostname="Indika" failures="1" tests="2" name="SmokeTests" time="12.039" errors="0" timestamp="2025-08-23T18:34:05 IST">
  <testcase classname="io.cucumber.testng.AbstractTestNGCucumberTests" name="runScenario" time="9.138"/>
  <testcase classname="io.cucumber.testng.AbstractTestNGCucumberTests" name="runScenario" time="1.952">
    <failure type="java.lang.AssertionError" message="expected [Invalid credentials] but found [Invalid username or password]">
      <![CDATA[java.lang.AssertionError: expected [Invalid credentials] but found [Invalid username or password]
at utillities.ActionCommands.verifyText(ActionCommands.java:42)
at pageObjects.loginPage.verifyTheErrorMessageAsInvalidCredentials(loginPage.java:44)
at stepDefinitions.loginPageSteps.verifyTheErrorMessageAsInvalidCredentials(loginPageSteps.java:45)
at âœ½.Verify the error message as Invalid credentials(file:///D:/studentautomation/src/test/resources/Features/login.feature:19)
... Removed 6 stack frames]]>
    </failure>
  </testcase> <!-- runScenario -->
</testsuite> <!-- SmokeTests -->
