<?xml version="1.0" encoding="UTF-8"?>
<!-- Generated by org.testng.reporters.JUnitReportReporter -->
<testsuite hostname="Indika" failures="1" tests="2" name="testRunner.TestRunner" time="11.090" errors="0" timestamp="2025-08-23T18:34:05 IST" skipped="0">
  <testcase classname="testRunner.TestRunner" name="runScenario" time="1.952">
    <failure message="expected [Invalid credentials] but found [Invalid username or password]" type="java.lang.AssertionError">
      <![CDATA[java.lang.AssertionError: expected [Invalid credentials] but found [Invalid username or password]
at org.testng.Assert.fail(Assert.java:111)
at org.testng.Assert.failNotEquals(Assert.java:1590)
at org.testng.Assert.assertEqualsImpl(Assert.java:150)
at org.testng.Assert.assertEquals(Assert.java:132)
at org.testng.Assert.assertEquals(Assert.java:656)
at org.testng.Assert.assertEquals(Assert.java:666)
at utillities.ActionCommands.verifyText(ActionCommands.java:42)
at pageObjects.loginPage.verifyTheErrorMessageAsInvalidCredentials(loginPage.java:44)
at stepDefinitions.loginPageSteps.verifyTheErrorMessageAsInvalidCredentials(loginPageSteps.java:45)
at âœ½.Verify the error message as Invalid credentials(file:///D:/studentautomation/src/test/resources/Features/login.feature:19)
]]>
    </failure>
  </testcase> <!-- runScenario -->
  <testcase classname="testRunner.TestRunner" name="runScenario" time="9.138"/>
</testsuite> <!-- testRunner.TestRunner -->
